2024-05-31T13:25:52.655+05:30  INFO 31352 --- [Hello-Shoes-Springboot] [main] l.i.h.HelloShoesSpringbootApplication    : Starting HelloShoesSpringbootApplication using Java 21.0.1 with PID 31352 (D:\Github\Hello-Shoes-Springboot\backend\target\classes started by USER in D:\Github\Hello-Shoes-Springboot\backend)
2024-05-31T13:25:52.684+05:30  INFO 31352 --- [Hello-Shoes-Springboot] [main] l.i.h.HelloShoesSpringbootApplication    : No active profile set, falling back to 1 default profile: "default"
2024-05-31T13:25:53.952+05:30  INFO 31352 --- [Hello-Shoes-Springboot] [main] .s.d.r.c.RepositoryConfigurationDelegate : Bootstrapping Spring Data JPA repositories in DEFAULT mode.
2024-05-31T13:25:54.088+05:30  INFO 31352 --- [Hello-Shoes-Springboot] [main] .s.d.r.c.RepositoryConfigurationDelegate : Finished Spring Data repository scanning in 123 ms. Found 12 JPA repository interfaces.
2024-05-31T13:25:54.782+05:30  INFO 31352 --- [Hello-Shoes-Springboot] [main] o.s.b.w.embedded.tomcat.TomcatWebServer  : Tomcat initialized with port 8080 (http)
2024-05-31T13:25:54.797+05:30  INFO 31352 --- [Hello-Shoes-Springboot] [main] o.apache.catalina.core.StandardService   : Starting service [Tomcat]
2024-05-31T13:25:54.797+05:30  INFO 31352 --- [Hello-Shoes-Springboot] [main] o.apache.catalina.core.StandardEngine    : Starting Servlet engine: [Apache Tomcat/10.1.20]
2024-05-31T13:25:54.854+05:30  INFO 31352 --- [Hello-Shoes-Springboot] [main] o.a.c.c.C.[Tomcat].[localhost].[/]       : Initializing Spring embedded WebApplicationContext
2024-05-31T13:25:54.854+05:30  INFO 31352 --- [Hello-Shoes-Springboot] [main] w.s.c.ServletWebServerApplicationContext : Root WebApplicationContext: initialization completed in 2073 ms
2024-05-31T13:25:55.040+05:30  INFO 31352 --- [Hello-Shoes-Springboot] [main] o.hibernate.jpa.internal.util.LogHelper  : HHH000204: Processing PersistenceUnitInfo [name: default]
2024-05-31T13:25:55.135+05:30  INFO 31352 --- [Hello-Shoes-Springboot] [main] org.hibernate.Version                    : HHH000412: Hibernate ORM core version 6.4.4.Final
2024-05-31T13:25:55.183+05:30  INFO 31352 --- [Hello-Shoes-Springboot] [main] o.h.c.internal.RegionFactoryInitiator    : HHH000026: Second-level cache disabled
2024-05-31T13:25:55.414+05:30  INFO 31352 --- [Hello-Shoes-Springboot] [main] o.s.o.j.p.SpringPersistenceUnitInfo      : No LoadTimeWeaver setup: ignoring JPA class transformer
2024-05-31T13:25:55.445+05:30  INFO 31352 --- [Hello-Shoes-Springboot] [main] com.zaxxer.hikari.HikariDataSource       : HikariPool-1 - Starting...
2024-05-31T13:25:56.066+05:30  INFO 31352 --- [Hello-Shoes-Springboot] [main] com.zaxxer.hikari.pool.HikariPool        : HikariPool-1 - Added connection com.mysql.cj.jdbc.ConnectionImpl@156324b
2024-05-31T13:25:56.069+05:30  INFO 31352 --- [Hello-Shoes-Springboot] [main] com.zaxxer.hikari.HikariDataSource       : HikariPool-1 - Start completed.
2024-05-31T13:25:57.413+05:30  INFO 31352 --- [Hello-Shoes-Springboot] [main] o.h.e.t.j.p.i.JtaPlatformInitiator       : HHH000489: No JTA platform available (set 'hibernate.transaction.jta.platform' to enable JTA platform integration)
2024-05-31T13:25:57.762+05:30  INFO 31352 --- [Hello-Shoes-Springboot] [main] j.LocalContainerEntityManagerFactoryBean : Initialized JPA EntityManagerFactory for persistence unit 'default'
2024-05-31T13:25:58.383+05:30  INFO 31352 --- [Hello-Shoes-Springboot] [main] o.s.d.j.r.query.QueryEnhancerFactory     : Hibernate is in classpath; If applicable, HQL parser will be used.
2024-05-31T13:25:59.535+05:30  WARN 31352 --- [Hello-Shoes-Springboot] [main] JpaBaseConfiguration$JpaWebConfiguration : spring.jpa.open-in-view is enabled by default. Therefore, database queries may be performed during view rendering. Explicitly configure spring.jpa.open-in-view to disable this warning
2024-05-31T13:26:00.200+05:30  INFO 31352 --- [Hello-Shoes-Springboot] [main] o.s.s.web.DefaultSecurityFilterChain     : Will secure any request with [org.springframework.security.web.session.DisableEncodeUrlFilter@3f114f13, org.springframework.security.web.context.request.async.WebAsyncManagerIntegrationFilter@2cc224b7, org.springframework.security.web.context.SecurityContextHolderFilter@18c805b, org.springframework.security.web.header.HeaderWriterFilter@7e41aabf, org.springframework.web.filter.CorsFilter@76f58d0, org.springframework.security.web.authentication.logout.LogoutFilter@183ab40f, lk.ijse.helloshoesbackend.config.JWTConfigurationFilter$$SpringCGLIB$$0@37ad818e, org.springframework.security.web.savedrequest.RequestCacheAwareFilter@19181b06, org.springframework.security.web.servletapi.SecurityContextHolderAwareRequestFilter@173398da, org.springframework.security.web.authentication.AnonymousAuthenticationFilter@5b610c90, org.springframework.security.web.session.SessionManagementFilter@2219d6d8, org.springframework.security.web.access.ExceptionTranslationFilter@237a41ff, org.springframework.security.web.access.intercept.AuthorizationFilter@7dae9ff4]
2024-05-31T13:26:00.616+05:30  INFO 31352 --- [Hello-Shoes-Springboot] [main] o.s.b.w.embedded.tomcat.TomcatWebServer  : Tomcat started on port 8080 (http) with context path ''
2024-05-31T13:26:00.632+05:30  INFO 31352 --- [Hello-Shoes-Springboot] [main] l.i.h.HelloShoesSpringbootApplication    : Started HelloShoesSpringbootApplication in 8.865 seconds (process running for 10.11)
2024-05-31T13:26:11.023+05:30  INFO 31352 --- [Hello-Shoes-Springboot] [http-nio-8080-exec-1] o.a.c.c.C.[Tomcat].[localhost].[/]       : Initializing Spring DispatcherServlet 'dispatcherServlet'
2024-05-31T13:26:11.025+05:30  INFO 31352 --- [Hello-Shoes-Springboot] [http-nio-8080-exec-1] o.s.web.servlet.DispatcherServlet        : Initializing Servlet 'dispatcherServlet'
2024-05-31T13:26:11.031+05:30  INFO 31352 --- [Hello-Shoes-Springboot] [http-nio-8080-exec-1] o.s.web.servlet.DispatcherServlet        : Completed initialization in 4 ms
2024-05-31T13:26:11.035+05:30  INFO 31352 --- [Hello-Shoes-Springboot] [http-nio-8080-exec-1] l.i.h.config.AccessLogFilter             : -------- OPTIONS --- /api/v1/auth 
2024-05-31T13:26:11.122+05:30  INFO 31352 --- [Hello-Shoes-Springboot] [http-nio-8080-exec-1] l.i.h.config.AccessLogFilter             : -------- PUT --- /api/v1/auth 
2024-05-31T13:26:11.495+05:30  INFO 31352 --- [Hello-Shoes-Springboot] [http-nio-8080-exec-1] lk.ijse.helloshoesbackend.api.UserAPI    : SignIn request received for email: rangaka@gmail.com
2024-05-31T13:26:11.499+05:30  INFO 31352 --- [Hello-Shoes-Springboot] [http-nio-8080-exec-1] l.i.h.s.impl.AuthenticationServiceIMPL   : Attempting to authenticate user: rangaka@gmail.com
2024-05-31T13:26:12.440+05:30  INFO 31352 --- [Hello-Shoes-Springboot] [http-nio-8080-exec-1] l.i.h.s.impl.AuthenticationServiceIMPL   : Authentication successful for user: rangaka@gmail.com
2024-05-31T13:26:12.577+05:30  INFO 31352 --- [Hello-Shoes-Springboot] [http-nio-8080-exec-1] l.i.h.s.impl.AuthenticationServiceIMPL   : Generated JWT token for user: rangaka@gmail.com
2024-05-31T13:26:12.578+05:30  INFO 31352 --- [Hello-Shoes-Springboot] [http-nio-8080-exec-1] l.i.helloshoesbackend.util.Conversion    : Converting UserEntity to UserDTO
2024-05-31T13:26:12.760+05:30  INFO 31352 --- [Hello-Shoes-Springboot] [http-nio-8080-exec-3] l.i.h.config.AccessLogFilter             : -------- OPTIONS --- /api/v1/admin-panel/alert 
2024-05-31T13:26:12.766+05:30  INFO 31352 --- [Hello-Shoes-Springboot] [http-nio-8080-exec-4] l.i.h.config.AccessLogFilter             : -------- POST --- /api/v1/admin-panel/alert 
2024-05-31T13:26:12.945+05:30  INFO 31352 --- [Hello-Shoes-Springboot] [http-nio-8080-exec-4] l.i.helloshoesbackend.api.AdminPanelAPI  : Record Alert endpoint called - Alert: AlertDTO(id=null, message=Dilshan Rangaka logged in, date=null, time=null, type=INFO)
2024-05-31T13:26:12.947+05:30  INFO 31352 --- [Hello-Shoes-Springboot] [http-nio-8080-exec-4] l.i.h.s.impl.AdminPanelServiceIMPL       : Saving alert
2024-05-31T13:26:12.950+05:30  INFO 31352 --- [Hello-Shoes-Springboot] [http-nio-8080-exec-4] l.i.helloshoesbackend.util.UtilMatter    : Generated UUID: 2700a1b6-2ac9-4e5a-b733-eaecb6af9903
2024-05-31T13:26:12.950+05:30  INFO 31352 --- [Hello-Shoes-Springboot] [http-nio-8080-exec-4] l.i.helloshoesbackend.util.Conversion    : Converting AlertDTO to AlertEntity
2024-05-31T13:26:13.021+05:30  INFO 31352 --- [Hello-Shoes-Springboot] [http-nio-8080-exec-4] l.i.h.s.impl.AdminPanelServiceIMPL       : Saved alert and returning all alerts
2024-05-31T13:26:13.274+05:30  INFO 31352 --- [Hello-Shoes-Springboot] [http-nio-8080-exec-4] l.i.helloshoesbackend.util.Conversion    : Converting List<AlertEntity> to List<AlertDTO>
2024-05-31T13:26:16.971+05:30  INFO 31352 --- [Hello-Shoes-Springboot] [http-nio-8080-exec-6] l.i.h.config.AccessLogFilter             : -------- OPTIONS --- /api/v1/admin-panel/2024-5-31 
2024-05-31T13:26:16.980+05:30  INFO 31352 --- [Hello-Shoes-Springboot] [http-nio-8080-exec-2] l.i.h.config.AccessLogFilter             : -------- GET --- /api/v1/admin-panel/2024-5-31 
2024-05-31T13:26:17.043+05:30  INFO 31352 --- [Hello-Shoes-Springboot] [http-nio-8080-exec-2] l.i.helloshoesbackend.api.AdminPanelAPI  : Get Admin Panel Data endpoint called - Date: 2024-5-31
2024-05-31T13:26:17.049+05:30  INFO 31352 --- [Hello-Shoes-Springboot] [http-nio-8080-exec-2] l.i.h.s.impl.AdminPanelServiceIMPL       : Attempting to get admin panel data
2024-05-31T13:26:17.050+05:30  INFO 31352 --- [Hello-Shoes-Springboot] [http-nio-8080-exec-2] l.i.h.s.impl.AdminPanelServiceIMPL       : Fetching total sales count for 2024-05-31
2024-05-31T13:26:17.088+05:30  INFO 31352 --- [Hello-Shoes-Springboot] [http-nio-8080-exec-2] l.i.h.s.impl.AdminPanelServiceIMPL       : Fetched total sales count 0
2024-05-31T13:26:17.089+05:30  INFO 31352 --- [Hello-Shoes-Springboot] [http-nio-8080-exec-2] l.i.h.s.impl.AdminPanelServiceIMPL       : Fetching total profits for 2024-05-31
2024-05-31T13:26:17.125+05:30  INFO 31352 --- [Hello-Shoes-Springboot] [http-nio-8080-exec-2] l.i.h.s.impl.AdminPanelServiceIMPL       : Fetched total profits amount 0.0
2024-05-31T13:26:17.125+05:30  INFO 31352 --- [Hello-Shoes-Springboot] [http-nio-8080-exec-2] l.i.h.s.impl.AdminPanelServiceIMPL       : Fetching total sold products count for 2024-05-31
2024-05-31T13:26:17.134+05:30  INFO 31352 --- [Hello-Shoes-Springboot] [http-nio-8080-exec-2] l.i.h.s.impl.AdminPanelServiceIMPL       : Fetched total sold products count null
2024-05-31T13:26:17.135+05:30  INFO 31352 --- [Hello-Shoes-Springboot] [http-nio-8080-exec-2] l.i.h.s.impl.AdminPanelServiceIMPL       : Fetching most sold items for 2024-05-31
2024-05-31T13:26:17.157+05:30 ERROR 31352 --- [Hello-Shoes-Springboot] [http-nio-8080-exec-2] l.i.h.advice.GlobalExceptionHandler      : Exception occurred: Index 0 out of bounds for length 0
2024-05-31T13:26:19.420+05:30  INFO 31352 --- [Hello-Shoes-Springboot] [http-nio-8080-exec-7] l.i.h.config.AccessLogFilter             : -------- OPTIONS --- /api/v1/admin-panel/2024-5-30 
2024-05-31T13:26:19.429+05:30  INFO 31352 --- [Hello-Shoes-Springboot] [http-nio-8080-exec-8] l.i.h.config.AccessLogFilter             : -------- GET --- /api/v1/admin-panel/2024-5-30 
2024-05-31T13:26:19.497+05:30  INFO 31352 --- [Hello-Shoes-Springboot] [http-nio-8080-exec-8] l.i.helloshoesbackend.api.AdminPanelAPI  : Get Admin Panel Data endpoint called - Date: 2024-5-30
2024-05-31T13:26:19.499+05:30  INFO 31352 --- [Hello-Shoes-Springboot] [http-nio-8080-exec-8] l.i.h.s.impl.AdminPanelServiceIMPL       : Attempting to get admin panel data
2024-05-31T13:26:19.499+05:30  INFO 31352 --- [Hello-Shoes-Springboot] [http-nio-8080-exec-8] l.i.h.s.impl.AdminPanelServiceIMPL       : Fetching total sales count for 2024-05-30
2024-05-31T13:26:19.504+05:30  INFO 31352 --- [Hello-Shoes-Springboot] [http-nio-8080-exec-8] l.i.h.s.impl.AdminPanelServiceIMPL       : Fetched total sales count 0
2024-05-31T13:26:19.504+05:30  INFO 31352 --- [Hello-Shoes-Springboot] [http-nio-8080-exec-8] l.i.h.s.impl.AdminPanelServiceIMPL       : Fetching total profits for 2024-05-30
2024-05-31T13:26:19.510+05:30  INFO 31352 --- [Hello-Shoes-Springboot] [http-nio-8080-exec-8] l.i.h.s.impl.AdminPanelServiceIMPL       : Fetched total profits amount 0.0
2024-05-31T13:26:19.510+05:30  INFO 31352 --- [Hello-Shoes-Springboot] [http-nio-8080-exec-8] l.i.h.s.impl.AdminPanelServiceIMPL       : Fetching total sold products count for 2024-05-30
2024-05-31T13:26:19.514+05:30  INFO 31352 --- [Hello-Shoes-Springboot] [http-nio-8080-exec-8] l.i.h.s.impl.AdminPanelServiceIMPL       : Fetched total sold products count null
2024-05-31T13:26:19.514+05:30  INFO 31352 --- [Hello-Shoes-Springboot] [http-nio-8080-exec-8] l.i.h.s.impl.AdminPanelServiceIMPL       : Fetching most sold items for 2024-05-30
2024-05-31T13:26:19.521+05:30 ERROR 31352 --- [Hello-Shoes-Springboot] [http-nio-8080-exec-8] l.i.h.advice.GlobalExceptionHandler      : Exception occurred: Index 0 out of bounds for length 0
2024-05-31T13:26:20.412+05:30  INFO 31352 --- [Hello-Shoes-Springboot] [http-nio-8080-exec-9] l.i.h.config.AccessLogFilter             : -------- OPTIONS --- /api/v1/admin-panel/2024-5-29 
2024-05-31T13:26:20.418+05:30  INFO 31352 --- [Hello-Shoes-Springboot] [http-nio-8080-exec-10] l.i.h.config.AccessLogFilter             : -------- GET --- /api/v1/admin-panel/2024-5-29 
2024-05-31T13:26:20.467+05:30  INFO 31352 --- [Hello-Shoes-Springboot] [http-nio-8080-exec-10] l.i.helloshoesbackend.api.AdminPanelAPI  : Get Admin Panel Data endpoint called - Date: 2024-5-29
2024-05-31T13:26:20.469+05:30  INFO 31352 --- [Hello-Shoes-Springboot] [http-nio-8080-exec-10] l.i.h.s.impl.AdminPanelServiceIMPL       : Attempting to get admin panel data
2024-05-31T13:26:20.470+05:30  INFO 31352 --- [Hello-Shoes-Springboot] [http-nio-8080-exec-10] l.i.h.s.impl.AdminPanelServiceIMPL       : Fetching total sales count for 2024-05-29
2024-05-31T13:26:20.475+05:30  INFO 31352 --- [Hello-Shoes-Springboot] [http-nio-8080-exec-10] l.i.h.s.impl.AdminPanelServiceIMPL       : Fetched total sales count 0
2024-05-31T13:26:20.476+05:30  INFO 31352 --- [Hello-Shoes-Springboot] [http-nio-8080-exec-10] l.i.h.s.impl.AdminPanelServiceIMPL       : Fetching total profits for 2024-05-29
2024-05-31T13:26:20.480+05:30  INFO 31352 --- [Hello-Shoes-Springboot] [http-nio-8080-exec-10] l.i.h.s.impl.AdminPanelServiceIMPL       : Fetched total profits amount 0.0
2024-05-31T13:26:20.480+05:30  INFO 31352 --- [Hello-Shoes-Springboot] [http-nio-8080-exec-10] l.i.h.s.impl.AdminPanelServiceIMPL       : Fetching total sold products count for 2024-05-29
2024-05-31T13:26:20.485+05:30  INFO 31352 --- [Hello-Shoes-Springboot] [http-nio-8080-exec-10] l.i.h.s.impl.AdminPanelServiceIMPL       : Fetched total sold products count null
2024-05-31T13:26:20.485+05:30  INFO 31352 --- [Hello-Shoes-Springboot] [http-nio-8080-exec-10] l.i.h.s.impl.AdminPanelServiceIMPL       : Fetching most sold items for 2024-05-29
2024-05-31T13:26:20.492+05:30 ERROR 31352 --- [Hello-Shoes-Springboot] [http-nio-8080-exec-10] l.i.h.advice.GlobalExceptionHandler      : Exception occurred: Index 0 out of bounds for length 0
2024-05-31T13:26:21.192+05:30  INFO 31352 --- [Hello-Shoes-Springboot] [http-nio-8080-exec-1] l.i.h.config.AccessLogFilter             : -------- OPTIONS --- /api/v1/admin-panel/2024-5-28 
2024-05-31T13:26:21.199+05:30  INFO 31352 --- [Hello-Shoes-Springboot] [http-nio-8080-exec-3] l.i.h.config.AccessLogFilter             : -------- GET --- /api/v1/admin-panel/2024-5-28 
2024-05-31T13:26:21.245+05:30  INFO 31352 --- [Hello-Shoes-Springboot] [http-nio-8080-exec-3] l.i.helloshoesbackend.api.AdminPanelAPI  : Get Admin Panel Data endpoint called - Date: 2024-5-28
2024-05-31T13:26:21.247+05:30  INFO 31352 --- [Hello-Shoes-Springboot] [http-nio-8080-exec-3] l.i.h.s.impl.AdminPanelServiceIMPL       : Attempting to get admin panel data
2024-05-31T13:26:21.248+05:30  INFO 31352 --- [Hello-Shoes-Springboot] [http-nio-8080-exec-3] l.i.h.s.impl.AdminPanelServiceIMPL       : Fetching total sales count for 2024-05-28
2024-05-31T13:26:21.252+05:30  INFO 31352 --- [Hello-Shoes-Springboot] [http-nio-8080-exec-3] l.i.h.s.impl.AdminPanelServiceIMPL       : Fetched total sales count 0
2024-05-31T13:26:21.252+05:30  INFO 31352 --- [Hello-Shoes-Springboot] [http-nio-8080-exec-3] l.i.h.s.impl.AdminPanelServiceIMPL       : Fetching total profits for 2024-05-28
2024-05-31T13:26:21.256+05:30  INFO 31352 --- [Hello-Shoes-Springboot] [http-nio-8080-exec-3] l.i.h.s.impl.AdminPanelServiceIMPL       : Fetched total profits amount 0.0
2024-05-31T13:26:21.257+05:30  INFO 31352 --- [Hello-Shoes-Springboot] [http-nio-8080-exec-3] l.i.h.s.impl.AdminPanelServiceIMPL       : Fetching total sold products count for 2024-05-28
2024-05-31T13:26:21.261+05:30  INFO 31352 --- [Hello-Shoes-Springboot] [http-nio-8080-exec-3] l.i.h.s.impl.AdminPanelServiceIMPL       : Fetched total sold products count null
2024-05-31T13:26:21.262+05:30  INFO 31352 --- [Hello-Shoes-Springboot] [http-nio-8080-exec-3] l.i.h.s.impl.AdminPanelServiceIMPL       : Fetching most sold items for 2024-05-28
2024-05-31T13:26:21.267+05:30 ERROR 31352 --- [Hello-Shoes-Springboot] [http-nio-8080-exec-3] l.i.h.advice.GlobalExceptionHandler      : Exception occurred: Index 0 out of bounds for length 0
2024-05-31T13:26:22.143+05:30  INFO 31352 --- [Hello-Shoes-Springboot] [http-nio-8080-exec-4] l.i.h.config.AccessLogFilter             : -------- OPTIONS --- /api/v1/admin-panel/2024-5-27 
2024-05-31T13:26:22.150+05:30  INFO 31352 --- [Hello-Shoes-Springboot] [http-nio-8080-exec-5] l.i.h.config.AccessLogFilter             : -------- GET --- /api/v1/admin-panel/2024-5-27 
2024-05-31T13:26:22.193+05:30  INFO 31352 --- [Hello-Shoes-Springboot] [http-nio-8080-exec-5] l.i.helloshoesbackend.api.AdminPanelAPI  : Get Admin Panel Data endpoint called - Date: 2024-5-27
2024-05-31T13:26:22.195+05:30  INFO 31352 --- [Hello-Shoes-Springboot] [http-nio-8080-exec-5] l.i.h.s.impl.AdminPanelServiceIMPL       : Attempting to get admin panel data
2024-05-31T13:26:22.195+05:30  INFO 31352 --- [Hello-Shoes-Springboot] [http-nio-8080-exec-5] l.i.h.s.impl.AdminPanelServiceIMPL       : Fetching total sales count for 2024-05-27
2024-05-31T13:26:22.200+05:30  INFO 31352 --- [Hello-Shoes-Springboot] [http-nio-8080-exec-5] l.i.h.s.impl.AdminPanelServiceIMPL       : Fetched total sales count 0
2024-05-31T13:26:22.201+05:30  INFO 31352 --- [Hello-Shoes-Springboot] [http-nio-8080-exec-5] l.i.h.s.impl.AdminPanelServiceIMPL       : Fetching total profits for 2024-05-27
2024-05-31T13:26:22.204+05:30  INFO 31352 --- [Hello-Shoes-Springboot] [http-nio-8080-exec-5] l.i.h.s.impl.AdminPanelServiceIMPL       : Fetched total profits amount 0.0
2024-05-31T13:26:22.205+05:30  INFO 31352 --- [Hello-Shoes-Springboot] [http-nio-8080-exec-5] l.i.h.s.impl.AdminPanelServiceIMPL       : Fetching total sold products count for 2024-05-27
2024-05-31T13:26:22.209+05:30  INFO 31352 --- [Hello-Shoes-Springboot] [http-nio-8080-exec-5] l.i.h.s.impl.AdminPanelServiceIMPL       : Fetched total sold products count null
2024-05-31T13:26:22.209+05:30  INFO 31352 --- [Hello-Shoes-Springboot] [http-nio-8080-exec-5] l.i.h.s.impl.AdminPanelServiceIMPL       : Fetching most sold items for 2024-05-27
2024-05-31T13:26:22.215+05:30 ERROR 31352 --- [Hello-Shoes-Springboot] [http-nio-8080-exec-5] l.i.h.advice.GlobalExceptionHandler      : Exception occurred: Index 0 out of bounds for length 0
2024-05-31T13:26:30.311+05:30  INFO 31352 --- [Hello-Shoes-Springboot] [http-nio-8080-exec-6] l.i.h.config.AccessLogFilter             : -------- GET --- /api/v1/admin-panel/2024-5-30 
2024-05-31T13:26:30.356+05:30  INFO 31352 --- [Hello-Shoes-Springboot] [http-nio-8080-exec-6] l.i.helloshoesbackend.api.AdminPanelAPI  : Get Admin Panel Data endpoint called - Date: 2024-5-30
2024-05-31T13:26:30.358+05:30  INFO 31352 --- [Hello-Shoes-Springboot] [http-nio-8080-exec-6] l.i.h.s.impl.AdminPanelServiceIMPL       : Attempting to get admin panel data
2024-05-31T13:26:30.358+05:30  INFO 31352 --- [Hello-Shoes-Springboot] [http-nio-8080-exec-6] l.i.h.s.impl.AdminPanelServiceIMPL       : Fetching total sales count for 2024-05-30
2024-05-31T13:26:30.364+05:30  INFO 31352 --- [Hello-Shoes-Springboot] [http-nio-8080-exec-6] l.i.h.s.impl.AdminPanelServiceIMPL       : Fetched total sales count 0
2024-05-31T13:26:30.364+05:30  INFO 31352 --- [Hello-Shoes-Springboot] [http-nio-8080-exec-6] l.i.h.s.impl.AdminPanelServiceIMPL       : Fetching total profits for 2024-05-30
2024-05-31T13:26:30.368+05:30  INFO 31352 --- [Hello-Shoes-Springboot] [http-nio-8080-exec-6] l.i.h.s.impl.AdminPanelServiceIMPL       : Fetched total profits amount 0.0
2024-05-31T13:26:30.368+05:30  INFO 31352 --- [Hello-Shoes-Springboot] [http-nio-8080-exec-6] l.i.h.s.impl.AdminPanelServiceIMPL       : Fetching total sold products count for 2024-05-30
2024-05-31T13:26:30.372+05:30  INFO 31352 --- [Hello-Shoes-Springboot] [http-nio-8080-exec-6] l.i.h.s.impl.AdminPanelServiceIMPL       : Fetched total sold products count null
2024-05-31T13:26:30.373+05:30  INFO 31352 --- [Hello-Shoes-Springboot] [http-nio-8080-exec-6] l.i.h.s.impl.AdminPanelServiceIMPL       : Fetching most sold items for 2024-05-30
2024-05-31T13:26:30.378+05:30 ERROR 31352 --- [Hello-Shoes-Springboot] [http-nio-8080-exec-6] l.i.h.advice.GlobalExceptionHandler      : Exception occurred: Index 0 out of bounds for length 0
2024-05-31T13:30:45.568+05:30  INFO 31352 --- [Hello-Shoes-Springboot] [http-nio-8080-exec-2] l.i.h.config.AccessLogFilter             : -------- OPTIONS --- /api/v1/sale 
2024-05-31T13:30:45.758+05:30  INFO 31352 --- [Hello-Shoes-Springboot] [http-nio-8080-exec-2] l.i.h.config.AccessLogFilter             : -------- GET --- /api/v1/sale 
2024-05-31T13:30:46.091+05:30  INFO 31352 --- [Hello-Shoes-Springboot] [http-nio-8080-exec-2] lk.ijse.helloshoesbackend.api.SaleAPI    : Get all sales endpoint called
2024-05-31T13:30:46.097+05:30  INFO 31352 --- [Hello-Shoes-Springboot] [http-nio-8080-exec-2] l.i.h.service.impl.SaleServiceIMPL       : Fetching all sales
2024-05-31T13:30:46.373+05:30  INFO 31352 --- [Hello-Shoes-Springboot] [http-nio-8080-exec-2] l.i.h.service.impl.SaleServiceIMPL       : Fetched 31 sales
2024-05-31T13:30:46.373+05:30  INFO 31352 --- [Hello-Shoes-Springboot] [http-nio-8080-exec-2] l.i.helloshoesbackend.util.Conversion    : Converting List<SaleEntity> to List<SaleDTO>
2024-05-31T13:30:46.401+05:30  INFO 31352 --- [Hello-Shoes-Springboot] [http-nio-8080-exec-2] l.i.helloshoesbackend.util.Conversion    : Converting List<SaleItemEntity> to List<SaleItemDTO>
2024-05-31T13:30:46.535+05:30  INFO 31352 --- [Hello-Shoes-Springboot] [http-nio-8080-exec-2] l.i.helloshoesbackend.util.Conversion    : Converting List<SaleItemEntity> to List<SaleItemDTO>
2024-05-31T13:30:46.541+05:30  INFO 31352 --- [Hello-Shoes-Springboot] [http-nio-8080-exec-2] l.i.helloshoesbackend.util.Conversion    : Converting List<SaleItemEntity> to List<SaleItemDTO>
2024-05-31T13:30:46.566+05:30  INFO 31352 --- [Hello-Shoes-Springboot] [http-nio-8080-exec-2] l.i.helloshoesbackend.util.Conversion    : Converting List<SaleItemEntity> to List<SaleItemDTO>
2024-05-31T13:30:46.603+05:30  INFO 31352 --- [Hello-Shoes-Springboot] [http-nio-8080-exec-2] l.i.helloshoesbackend.util.Conversion    : Converting List<SaleItemEntity> to List<SaleItemDTO>
2024-05-31T13:30:46.611+05:30  INFO 31352 --- [Hello-Shoes-Springboot] [http-nio-8080-exec-2] l.i.helloshoesbackend.util.Conversion    : Converting List<SaleItemEntity> to List<SaleItemDTO>
2024-05-31T13:30:46.635+05:30  INFO 31352 --- [Hello-Shoes-Springboot] [http-nio-8080-exec-2] l.i.helloshoesbackend.util.Conversion    : Converting List<SaleItemEntity> to List<SaleItemDTO>
2024-05-31T13:30:46.665+05:30  INFO 31352 --- [Hello-Shoes-Springboot] [http-nio-8080-exec-2] l.i.helloshoesbackend.util.Conversion    : Converting List<SaleItemEntity> to List<SaleItemDTO>
2024-05-31T13:30:46.692+05:30  INFO 31352 --- [Hello-Shoes-Springboot] [http-nio-8080-exec-2] l.i.helloshoesbackend.util.Conversion    : Converting List<SaleItemEntity> to List<SaleItemDTO>
2024-05-31T13:30:46.727+05:30  INFO 31352 --- [Hello-Shoes-Springboot] [http-nio-8080-exec-2] l.i.helloshoesbackend.util.Conversion    : Converting List<SaleItemEntity> to List<SaleItemDTO>
2024-05-31T13:30:46.803+05:30  INFO 31352 --- [Hello-Shoes-Springboot] [http-nio-8080-exec-2] l.i.helloshoesbackend.util.Conversion    : Converting List<SaleItemEntity> to List<SaleItemDTO>
2024-05-31T13:30:46.829+05:30  INFO 31352 --- [Hello-Shoes-Springboot] [http-nio-8080-exec-2] l.i.helloshoesbackend.util.Conversion    : Converting List<SaleItemEntity> to List<SaleItemDTO>
2024-05-31T13:30:46.855+05:30  INFO 31352 --- [Hello-Shoes-Springboot] [http-nio-8080-exec-2] l.i.helloshoesbackend.util.Conversion    : Converting List<SaleItemEntity> to List<SaleItemDTO>
2024-05-31T13:30:46.868+05:30  INFO 31352 --- [Hello-Shoes-Springboot] [http-nio-8080-exec-2] l.i.helloshoesbackend.util.Conversion    : Converting List<SaleItemEntity> to List<SaleItemDTO>
2024-05-31T13:30:46.892+05:30  INFO 31352 --- [Hello-Shoes-Springboot] [http-nio-8080-exec-2] l.i.helloshoesbackend.util.Conversion    : Converting List<SaleItemEntity> to List<SaleItemDTO>
2024-05-31T13:30:46.910+05:30  INFO 31352 --- [Hello-Shoes-Springboot] [http-nio-8080-exec-2] l.i.helloshoesbackend.util.Conversion    : Converting List<SaleItemEntity> to List<SaleItemDTO>
2024-05-31T13:30:46.972+05:30  INFO 31352 --- [Hello-Shoes-Springboot] [http-nio-8080-exec-2] l.i.helloshoesbackend.util.Conversion    : Converting List<SaleItemEntity> to List<SaleItemDTO>
2024-05-31T13:30:46.992+05:30  INFO 31352 --- [Hello-Shoes-Springboot] [http-nio-8080-exec-2] l.i.helloshoesbackend.util.Conversion    : Converting List<SaleItemEntity> to List<SaleItemDTO>
2024-05-31T13:30:47.018+05:30  INFO 31352 --- [Hello-Shoes-Springboot] [http-nio-8080-exec-2] l.i.helloshoesbackend.util.Conversion    : Converting List<SaleItemEntity> to List<SaleItemDTO>
2024-05-31T13:30:47.052+05:30  INFO 31352 --- [Hello-Shoes-Springboot] [http-nio-8080-exec-2] l.i.helloshoesbackend.util.Conversion    : Converting List<SaleItemEntity> to List<SaleItemDTO>
2024-05-31T13:30:47.057+05:30  INFO 31352 --- [Hello-Shoes-Springboot] [http-nio-8080-exec-2] l.i.helloshoesbackend.util.Conversion    : Converting List<SaleItemEntity> to List<SaleItemDTO>
2024-05-31T13:30:47.087+05:30  INFO 31352 --- [Hello-Shoes-Springboot] [http-nio-8080-exec-2] l.i.helloshoesbackend.util.Conversion    : Converting List<SaleItemEntity> to List<SaleItemDTO>
2024-05-31T13:30:47.091+05:30  INFO 31352 --- [Hello-Shoes-Springboot] [http-nio-8080-exec-2] l.i.helloshoesbackend.util.Conversion    : Converting List<SaleItemEntity> to List<SaleItemDTO>
2024-05-31T13:30:47.109+05:30  INFO 31352 --- [Hello-Shoes-Springboot] [http-nio-8080-exec-2] l.i.helloshoesbackend.util.Conversion    : Converting List<SaleItemEntity> to List<SaleItemDTO>
2024-05-31T13:30:47.122+05:30  INFO 31352 --- [Hello-Shoes-Springboot] [http-nio-8080-exec-2] l.i.helloshoesbackend.util.Conversion    : Converting List<SaleItemEntity> to List<SaleItemDTO>
2024-05-31T13:30:47.134+05:30  INFO 31352 --- [Hello-Shoes-Springboot] [http-nio-8080-exec-2] l.i.helloshoesbackend.util.Conversion    : Converting List<SaleItemEntity> to List<SaleItemDTO>
2024-05-31T13:30:47.164+05:30  INFO 31352 --- [Hello-Shoes-Springboot] [http-nio-8080-exec-2] l.i.helloshoesbackend.util.Conversion    : Converting List<SaleItemEntity> to List<SaleItemDTO>
2024-05-31T13:30:47.190+05:30  INFO 31352 --- [Hello-Shoes-Springboot] [http-nio-8080-exec-2] l.i.helloshoesbackend.util.Conversion    : Converting List<SaleItemEntity> to List<SaleItemDTO>
2024-05-31T13:30:47.205+05:30  INFO 31352 --- [Hello-Shoes-Springboot] [http-nio-8080-exec-2] l.i.helloshoesbackend.util.Conversion    : Converting List<SaleItemEntity> to List<SaleItemDTO>
2024-05-31T13:30:47.233+05:30  INFO 31352 --- [Hello-Shoes-Springboot] [http-nio-8080-exec-2] l.i.helloshoesbackend.util.Conversion    : Converting List<SaleItemEntity> to List<SaleItemDTO>
2024-05-31T13:30:47.238+05:30  INFO 31352 --- [Hello-Shoes-Springboot] [http-nio-8080-exec-2] l.i.helloshoesbackend.util.Conversion    : Converting List<SaleItemEntity> to List<SaleItemDTO>
2024-05-31T13:30:49.898+05:30  INFO 31352 --- [Hello-Shoes-Springboot] [http-nio-8080-exec-7] l.i.h.config.AccessLogFilter             : -------- OPTIONS --- /api/v1/item 
2024-05-31T13:30:49.905+05:30  INFO 31352 --- [Hello-Shoes-Springboot] [http-nio-8080-exec-8] l.i.h.config.AccessLogFilter             : -------- GET --- /api/v1/item 
2024-05-31T13:30:49.954+05:30  INFO 31352 --- [Hello-Shoes-Springboot] [http-nio-8080-exec-8] lk.ijse.helloshoesbackend.api.ItemAPI    : Get All Items endpoint called
2024-05-31T13:30:49.957+05:30  INFO 31352 --- [Hello-Shoes-Springboot] [http-nio-8080-exec-8] l.i.h.service.impl.ItemServiceIMPL       : Fetching all items
2024-05-31T13:30:49.980+05:30  INFO 31352 --- [Hello-Shoes-Springboot] [http-nio-8080-exec-8] l.i.helloshoesbackend.util.Conversion    : Converting List<ItemEntity> to List<ItemDTO>
2024-05-31T13:31:02.311+05:30  INFO 31352 --- [Hello-Shoes-Springboot] [http-nio-8080-exec-10] l.i.h.config.AccessLogFilter             : -------- OPTIONS --- /api/v1/customer 
2024-05-31T13:31:02.322+05:30  INFO 31352 --- [Hello-Shoes-Springboot] [http-nio-8080-exec-1] l.i.h.config.AccessLogFilter             : -------- GET --- /api/v1/customer 
2024-05-31T13:31:02.382+05:30  INFO 31352 --- [Hello-Shoes-Springboot] [http-nio-8080-exec-1] l.i.helloshoesbackend.api.CustomerAPI    : Get all customers endpoint called
2024-05-31T13:31:02.384+05:30  INFO 31352 --- [Hello-Shoes-Springboot] [http-nio-8080-exec-1] l.i.h.service.impl.CustomerServiceIMPL   : Fetching all customers
2024-05-31T13:31:02.394+05:30  INFO 31352 --- [Hello-Shoes-Springboot] [http-nio-8080-exec-1] l.i.helloshoesbackend.util.Conversion    : Converting List<CustomerEntity> to List<CustomerDTO>
2024-05-31T13:32:44.636+05:30  INFO 31352 --- [Hello-Shoes-Springboot] [SpringApplicationShutdownHook] j.LocalContainerEntityManagerFactoryBean : Closing JPA EntityManagerFactory for persistence unit 'default'
2024-05-31T13:32:44.648+05:30  INFO 31352 --- [Hello-Shoes-Springboot] [SpringApplicationShutdownHook] com.zaxxer.hikari.HikariDataSource       : HikariPool-1 - Shutdown initiated...
2024-05-31T13:32:44.675+05:30  INFO 31352 --- [Hello-Shoes-Springboot] [SpringApplicationShutdownHook] com.zaxxer.hikari.HikariDataSource       : HikariPool-1 - Shutdown completed.
